[0.910s] Invoking command in '/home/ubuntu/ros2_ws/src/Zumo_Robot': PYTHONPATH=/home/ubuntu/ros2_ws/build/Zumo_Robot/prefix_override:/usr/lib/python3/dist-packages/colcon_core/task/python/colcon_distutils_commands:/home/ubuntu/ros2_ws/install/Zumo_Robot/lib/python3.10/site-packages:${PYTHONPATH} /usr/bin/python3 -W ignore:setup.py install is deprecated setup.py egg_info --egg-base ../../build/Zumo_Robot build --build-base /home/ubuntu/ros2_ws/build/Zumo_Robot/build install --record /home/ubuntu/ros2_ws/build/Zumo_Robot/install.log --single-version-externally-managed install_data
[1.164s] running egg_info
[1.165s] creating ../../build/Zumo_Robot/Zumo_Robot.egg-info
[1.165s] writing ../../build/Zumo_Robot/Zumo_Robot.egg-info/PKG-INFO
[1.165s] writing dependency_links to ../../build/Zumo_Robot/Zumo_Robot.egg-info/dependency_links.txt
[1.165s] writing entry points to ../../build/Zumo_Robot/Zumo_Robot.egg-info/entry_points.txt
[1.166s] writing requirements to ../../build/Zumo_Robot/Zumo_Robot.egg-info/requires.txt
[1.166s] writing top-level names to ../../build/Zumo_Robot/Zumo_Robot.egg-info/top_level.txt
[1.166s] writing manifest file '../../build/Zumo_Robot/Zumo_Robot.egg-info/SOURCES.txt'
[1.167s] reading manifest file '../../build/Zumo_Robot/Zumo_Robot.egg-info/SOURCES.txt'
[1.167s] adding license file 'LICENSE'
[1.168s] writing manifest file '../../build/Zumo_Robot/Zumo_Robot.egg-info/SOURCES.txt'
[1.168s] running build
[1.168s] running build_py
[1.168s] creating /home/ubuntu/ros2_ws/build/Zumo_Robot/build
[1.169s] creating /home/ubuntu/ros2_ws/build/Zumo_Robot/build/lib
[1.169s] creating /home/ubuntu/ros2_ws/build/Zumo_Robot/build/lib/Zumo_Robot
[1.169s] copying Zumo_Robot/__init__.py -> /home/ubuntu/ros2_ws/build/Zumo_Robot/build/lib/Zumo_Robot
[1.169s] running install
[1.169s] running install_lib
[1.170s] creating /home/ubuntu/ros2_ws/install/Zumo_Robot/lib/python3.10/site-packages/Zumo_Robot
[1.170s] copying /home/ubuntu/ros2_ws/build/Zumo_Robot/build/lib/Zumo_Robot/__init__.py -> /home/ubuntu/ros2_ws/install/Zumo_Robot/lib/python3.10/site-packages/Zumo_Robot
[1.171s] byte-compiling /home/ubuntu/ros2_ws/install/Zumo_Robot/lib/python3.10/site-packages/Zumo_Robot/__init__.py to __init__.cpython-310.pyc
[1.171s] running install_data
[1.171s] creating /home/ubuntu/ros2_ws/install/Zumo_Robot/share/ament_index
[1.171s] creating /home/ubuntu/ros2_ws/install/Zumo_Robot/share/ament_index/resource_index
[1.172s] creating /home/ubuntu/ros2_ws/install/Zumo_Robot/share/ament_index/resource_index/packages
[1.172s] copying resource/Zumo_Robot -> /home/ubuntu/ros2_ws/install/Zumo_Robot/share/ament_index/resource_index/packages
[1.172s] copying package.xml -> /home/ubuntu/ros2_ws/install/Zumo_Robot/share/Zumo_Robot
[1.172s] running install_egg_info
[1.173s] Copying ../../build/Zumo_Robot/Zumo_Robot.egg-info to /home/ubuntu/ros2_ws/install/Zumo_Robot/lib/python3.10/site-packages/Zumo_Robot-0.0.0-py3.10.egg-info
[1.174s] running install_scripts
[1.196s] writing list of installed files to '/home/ubuntu/ros2_ws/build/Zumo_Robot/install.log'
[1.230s] Invoked command in '/home/ubuntu/ros2_ws/src/Zumo_Robot' returned '0': PYTHONPATH=/home/ubuntu/ros2_ws/build/Zumo_Robot/prefix_override:/usr/lib/python3/dist-packages/colcon_core/task/python/colcon_distutils_commands:/home/ubuntu/ros2_ws/install/Zumo_Robot/lib/python3.10/site-packages:${PYTHONPATH} /usr/bin/python3 -W ignore:setup.py install is deprecated setup.py egg_info --egg-base ../../build/Zumo_Robot build --build-base /home/ubuntu/ros2_ws/build/Zumo_Robot/build install --record /home/ubuntu/ros2_ws/build/Zumo_Robot/install.log --single-version-externally-managed install_data
