running egg_info
writing ../../build/zumo_robot/zumo_robot.egg-info/PKG-INFO
writing dependency_links to ../../build/zumo_robot/zumo_robot.egg-info/dependency_links.txt
writing entry points to ../../build/zumo_robot/zumo_robot.egg-info/entry_points.txt
writing requirements to ../../build/zumo_robot/zumo_robot.egg-info/requires.txt
writing top-level names to ../../build/zumo_robot/zumo_robot.egg-info/top_level.txt
reading manifest file '../../build/zumo_robot/zumo_robot.egg-info/SOURCES.txt'
adding license file 'LICENSE'
writing manifest file '../../build/zumo_robot/zumo_robot.egg-info/SOURCES.txt'
running build
running build_py
copying zumo_robot/Test_LED.py -> /home/ubuntu/ros2_ws/build/zumo_robot/build/lib/zumo_robot
running install
running install_lib
copying /home/ubuntu/ros2_ws/build/zumo_robot/build/lib/zumo_robot/Test_LED.py -> /home/ubuntu/ros2_ws/install/zumo_robot/lib/python3.10/site-packages/zumo_robot
byte-compiling /home/ubuntu/ros2_ws/install/zumo_robot/lib/python3.10/site-packages/zumo_robot/Test_LED.py to Test_LED.cpython-310.pyc
running install_data
running install_egg_info
removing '/home/ubuntu/ros2_ws/install/zumo_robot/lib/python3.10/site-packages/zumo_robot-0.0.0-py3.10.egg-info' (and everything under it)
Copying ../../build/zumo_robot/zumo_robot.egg-info to /home/ubuntu/ros2_ws/install/zumo_robot/lib/python3.10/site-packages/zumo_robot-0.0.0-py3.10.egg-info
running install_scripts
Installing talker script to /home/ubuntu/ros2_ws/install/zumo_robot/lib/zumo_robot
writing list of installed files to '/home/ubuntu/ros2_ws/build/zumo_robot/install.log'
