[0.637s] Invoking command in '/home/ubuntu/ros2_ws/src/zumo_robot': PYTHONPATH=/home/ubuntu/ros2_ws/build/zumo_robot/prefix_override:/usr/lib/python3/dist-packages/colcon_core/task/python/colcon_distutils_commands:/home/ubuntu/ros2_ws/install/zumo_robot/lib/python3.10/site-packages:${PYTHONPATH} /usr/bin/python3 -W ignore:setup.py install is deprecated setup.py egg_info --egg-base ../../build/zumo_robot build --build-base /home/ubuntu/ros2_ws/build/zumo_robot/build install --record /home/ubuntu/ros2_ws/build/zumo_robot/install.log --single-version-externally-managed install_data
[0.897s] running egg_info
[0.898s] writing ../../build/zumo_robot/zumo_robot.egg-info/PKG-INFO
[0.898s] writing dependency_links to ../../build/zumo_robot/zumo_robot.egg-info/dependency_links.txt
[0.898s] writing entry points to ../../build/zumo_robot/zumo_robot.egg-info/entry_points.txt
[0.898s] writing requirements to ../../build/zumo_robot/zumo_robot.egg-info/requires.txt
[0.898s] writing top-level names to ../../build/zumo_robot/zumo_robot.egg-info/top_level.txt
[0.900s] reading manifest file '../../build/zumo_robot/zumo_robot.egg-info/SOURCES.txt'
[0.900s] adding license file 'LICENSE'
[0.901s] writing manifest file '../../build/zumo_robot/zumo_robot.egg-info/SOURCES.txt'
[0.901s] running build
[0.901s] running build_py
[0.901s] copying zumo_robot/Test_LED.py -> /home/ubuntu/ros2_ws/build/zumo_robot/build/lib/zumo_robot
[0.901s] running install
[0.901s] running install_lib
[0.902s] copying /home/ubuntu/ros2_ws/build/zumo_robot/build/lib/zumo_robot/Test_LED.py -> /home/ubuntu/ros2_ws/install/zumo_robot/lib/python3.10/site-packages/zumo_robot
[0.903s] byte-compiling /home/ubuntu/ros2_ws/install/zumo_robot/lib/python3.10/site-packages/zumo_robot/Test_LED.py to Test_LED.cpython-310.pyc
[0.903s] running install_data
[0.904s] running install_egg_info
[0.905s] removing '/home/ubuntu/ros2_ws/install/zumo_robot/lib/python3.10/site-packages/zumo_robot-0.0.0-py3.10.egg-info' (and everything under it)
[0.906s] Copying ../../build/zumo_robot/zumo_robot.egg-info to /home/ubuntu/ros2_ws/install/zumo_robot/lib/python3.10/site-packages/zumo_robot-0.0.0-py3.10.egg-info
[0.906s] running install_scripts
[0.929s] Installing talker script to /home/ubuntu/ros2_ws/install/zumo_robot/lib/zumo_robot
[0.929s] writing list of installed files to '/home/ubuntu/ros2_ws/build/zumo_robot/install.log'
[0.954s] Invoked command in '/home/ubuntu/ros2_ws/src/zumo_robot' returned '0': PYTHONPATH=/home/ubuntu/ros2_ws/build/zumo_robot/prefix_override:/usr/lib/python3/dist-packages/colcon_core/task/python/colcon_distutils_commands:/home/ubuntu/ros2_ws/install/zumo_robot/lib/python3.10/site-packages:${PYTHONPATH} /usr/bin/python3 -W ignore:setup.py install is deprecated setup.py egg_info --egg-base ../../build/zumo_robot build --build-base /home/ubuntu/ros2_ws/build/zumo_robot/build install --record /home/ubuntu/ros2_ws/build/zumo_robot/install.log --single-version-externally-managed install_data
