[0.900s] Invoking command in '/home/ubuntu/ros2_ws/src/my_package': PYTHONPATH=/home/ubuntu/ros2_ws/build/my_package/prefix_override:/usr/lib/python3/dist-packages/colcon_core/task/python/colcon_distutils_commands:/home/ubuntu/ros2_ws/install/my_package/lib/python3.10/site-packages:${PYTHONPATH} /usr/bin/python3 -W ignore:setup.py install is deprecated setup.py egg_info --egg-base ../../build/my_package build --build-base /home/ubuntu/ros2_ws/build/my_package/build install --record /home/ubuntu/ros2_ws/build/my_package/install.log --single-version-externally-managed install_data
[1.158s] running egg_info
[1.158s] creating ../../build/my_package/my_package.egg-info
[1.159s] writing ../../build/my_package/my_package.egg-info/PKG-INFO
[1.159s] writing dependency_links to ../../build/my_package/my_package.egg-info/dependency_links.txt
[1.159s] writing entry points to ../../build/my_package/my_package.egg-info/entry_points.txt
[1.159s] writing requirements to ../../build/my_package/my_package.egg-info/requires.txt
[1.160s] writing top-level names to ../../build/my_package/my_package.egg-info/top_level.txt
[1.160s] writing manifest file '../../build/my_package/my_package.egg-info/SOURCES.txt'
[1.162s] reading manifest file '../../build/my_package/my_package.egg-info/SOURCES.txt'
[1.162s] adding license file 'LICENSE'
[1.163s] writing manifest file '../../build/my_package/my_package.egg-info/SOURCES.txt'
[1.163s] running build
[1.163s] running build_py
[1.164s] creating /home/ubuntu/ros2_ws/build/my_package/build
[1.164s] creating /home/ubuntu/ros2_ws/build/my_package/build/lib
[1.164s] creating /home/ubuntu/ros2_ws/build/my_package/build/lib/my_package
[1.165s] copying my_package/__init__.py -> /home/ubuntu/ros2_ws/build/my_package/build/lib/my_package
[1.165s] copying my_package/my_node.py -> /home/ubuntu/ros2_ws/build/my_package/build/lib/my_package
[1.165s] running install
[1.165s] running install_lib
[1.165s] creating /home/ubuntu/ros2_ws/install/my_package/lib/python3.10/site-packages/my_package
[1.165s] copying /home/ubuntu/ros2_ws/build/my_package/build/lib/my_package/__init__.py -> /home/ubuntu/ros2_ws/install/my_package/lib/python3.10/site-packages/my_package
[1.166s] copying /home/ubuntu/ros2_ws/build/my_package/build/lib/my_package/my_node.py -> /home/ubuntu/ros2_ws/install/my_package/lib/python3.10/site-packages/my_package
[1.166s] byte-compiling /home/ubuntu/ros2_ws/install/my_package/lib/python3.10/site-packages/my_package/__init__.py to __init__.cpython-310.pyc
[1.166s] byte-compiling /home/ubuntu/ros2_ws/install/my_package/lib/python3.10/site-packages/my_package/my_node.py to my_node.cpython-310.pyc
[1.167s] running install_data
[1.167s] creating /home/ubuntu/ros2_ws/install/my_package/share/ament_index
[1.167s] creating /home/ubuntu/ros2_ws/install/my_package/share/ament_index/resource_index
[1.167s] creating /home/ubuntu/ros2_ws/install/my_package/share/ament_index/resource_index/packages
[1.167s] copying resource/my_package -> /home/ubuntu/ros2_ws/install/my_package/share/ament_index/resource_index/packages
[1.167s] copying package.xml -> /home/ubuntu/ros2_ws/install/my_package/share/my_package
[1.167s] running install_egg_info
[1.169s] Copying ../../build/my_package/my_package.egg-info to /home/ubuntu/ros2_ws/install/my_package/lib/python3.10/site-packages/my_package-0.0.0-py3.10.egg-info
[1.170s] running install_scripts
[1.193s] Installing my_node script to /home/ubuntu/ros2_ws/install/my_package/lib/my_package
[1.193s] writing list of installed files to '/home/ubuntu/ros2_ws/build/my_package/install.log'
[1.238s] Invoked command in '/home/ubuntu/ros2_ws/src/my_package' returned '0': PYTHONPATH=/home/ubuntu/ros2_ws/build/my_package/prefix_override:/usr/lib/python3/dist-packages/colcon_core/task/python/colcon_distutils_commands:/home/ubuntu/ros2_ws/install/my_package/lib/python3.10/site-packages:${PYTHONPATH} /usr/bin/python3 -W ignore:setup.py install is deprecated setup.py egg_info --egg-base ../../build/my_package build --build-base /home/ubuntu/ros2_ws/build/my_package/build install --record /home/ubuntu/ros2_ws/build/my_package/install.log --single-version-externally-managed install_data
